11:27 15:18:24.772 [restartedMain] [INFO] [com.example.demo.InventoryClient] - Starting InventoryClient on DESKTOP-CQORGQ5 with PID 12640 (E:\workspace\ShoppingAppInventory\target\classes started by caich in E:\workspace\ShoppingAppInventory)
11:27 15:18:24.774 [restartedMain] [INFO] [com.example.demo.InventoryClient] - No active profile set, falling back to default profiles: default
11:27 15:18:33.555 [restartedMain] [INFO] [com.example.demo.InventoryClient] - Started InventoryClient in 9.08 seconds (JVM running for 9.71)
11:27 15:18:33.602 [restartedMain] [INFO] [c.e.demo.service.LoggingService] - Inside methodsave
11:27 15:18:33.774 [restartedMain] [INFO] [c.e.demo.service.LoggingService] - Exiting methodsave
11:27 15:18:33.774 [restartedMain] [INFO] [c.e.demo.service.LoggingService] - Inside methodsave
11:27 15:18:33.896 [restartedMain] [INFO] [c.e.demo.service.LoggingService] - Exiting methodsave
11:27 15:20:44.678 [restartedMain] [INFO] [com.example.demo.InventoryClient] - Starting InventoryClient on DESKTOP-CQORGQ5 with PID 12640 (E:\workspace\ShoppingAppInventory\target\classes started by caich in E:\workspace\ShoppingAppInventory)
11:27 15:20:44.678 [restartedMain] [INFO] [com.example.demo.InventoryClient] - No active profile set, falling back to default profiles: default
11:27 15:20:47.087 [restartedMain] [INFO] [com.example.demo.InventoryClient] - Started InventoryClient in 2.446 seconds (JVM running for 143.242)
11:27 15:20:47.089 [restartedMain] [INFO] [c.e.demo.service.LoggingService] - Inside methodsave
11:27 15:20:47.234 [restartedMain] [INFO] [c.e.demo.service.LoggingService] - Exiting methodsave
11:27 15:20:47.234 [restartedMain] [INFO] [c.e.demo.service.LoggingService] - Inside methodsave
11:27 15:20:47.355 [restartedMain] [INFO] [c.e.demo.service.LoggingService] - Exiting methodsave
11:27 15:20:51.142 [restartedMain] [INFO] [com.example.demo.InventoryClient] - Starting InventoryClient on DESKTOP-CQORGQ5 with PID 22340 (E:\workspace\ShoppingAppInventory\target\classes started by caich in E:\workspace\ShoppingAppInventory)
11:27 15:20:51.144 [restartedMain] [INFO] [com.example.demo.InventoryClient] - No active profile set, falling back to default profiles: default
11:27 15:21:09.876 [restartedMain] [INFO] [com.example.demo.InventoryClient] - Starting InventoryClient on DESKTOP-CQORGQ5 with PID 20220 (E:\workspace\ShoppingAppInventory\target\classes started by caich in E:\workspace\ShoppingAppInventory)
11:27 15:21:09.880 [restartedMain] [INFO] [com.example.demo.InventoryClient] - No active profile set, falling back to default profiles: default
11:27 15:21:18.690 [restartedMain] [INFO] [com.example.demo.InventoryClient] - Started InventoryClient in 9.12 seconds (JVM running for 9.78)
11:27 15:21:18.747 [restartedMain] [INFO] [c.e.demo.service.LoggingService] - Inside methodsave
11:27 15:21:18.981 [restartedMain] [INFO] [c.e.demo.service.LoggingService] - Exiting methodsave
11:27 15:21:18.981 [restartedMain] [INFO] [c.e.demo.service.LoggingService] - Inside methodsave
11:27 15:21:19.118 [restartedMain] [INFO] [c.e.demo.service.LoggingService] - Exiting methodsave
11:27 15:22:43.914 [http-nio-8080-exec-3] [INFO] [c.e.demo.service.LoggingService] - Inside methodfindAll
11:27 15:22:44.153 [http-nio-8080-exec-3] [INFO] [c.e.demo.service.LoggingService] - Exiting methodfindAll
11:27 15:23:20.084 [http-nio-8080-exec-4] [INFO] [c.e.demo.service.LoggingService] - Inside methodfindById
11:27 15:23:20.179 [http-nio-8080-exec-4] [INFO] [c.e.demo.service.LoggingService] - Exiting methodfindById
11:27 15:23:52.719 [http-nio-8080-exec-6] [INFO] [c.e.demo.service.LoggingService] - Inside methodgetInventoryByAvailability
11:27 15:23:52.852 [http-nio-8080-exec-6] [INFO] [c.e.demo.service.LoggingService] - Exiting methodgetInventoryByAvailability
11:27 15:32:55.513 [restartedMain] [INFO] [com.example.demo.InventoryClient] - Starting InventoryClient on DESKTOP-CQORGQ5 with PID 20220 (E:\workspace\ShoppingAppInventory\target\classes started by caich in E:\workspace\ShoppingAppInventory)
11:27 15:32:55.513 [restartedMain] [INFO] [com.example.demo.InventoryClient] - No active profile set, falling back to default profiles: default
11:27 15:32:57.728 [restartedMain] [INFO] [com.example.demo.InventoryClient] - Started InventoryClient in 2.249 seconds (JVM running for 708.818)
11:27 15:32:57.730 [restartedMain] [INFO] [c.e.demo.service.LoggingService] - Inside methodsave
11:27 15:32:57.838 [restartedMain] [INFO] [c.e.demo.service.LoggingService] - Exiting methodsave
11:27 15:32:57.838 [restartedMain] [INFO] [c.e.demo.service.LoggingService] - Inside methodsave
11:27 15:32:57.955 [restartedMain] [INFO] [c.e.demo.service.LoggingService] - Exiting methodsave
11:27 15:33:25.836 [restartedMain] [INFO] [com.example.demo.InventoryClient] - Starting InventoryClient on DESKTOP-CQORGQ5 with PID 17740 (E:\workspace\ShoppingAppInventory\target\classes started by caich in E:\workspace\ShoppingAppInventory)
11:27 15:33:25.839 [restartedMain] [INFO] [com.example.demo.InventoryClient] - No active profile set, falling back to default profiles: default
11:27 15:33:34.304 [restartedMain] [INFO] [com.example.demo.InventoryClient] - Started InventoryClient in 8.766 seconds (JVM running for 9.396)
11:27 15:33:34.364 [restartedMain] [INFO] [c.e.demo.service.LoggingService] - Inside methodsave
11:27 15:33:34.612 [restartedMain] [INFO] [c.e.demo.service.LoggingService] - Exiting methodsave
11:27 15:33:34.613 [restartedMain] [INFO] [c.e.demo.service.LoggingService] - Inside methodsave
11:27 15:33:34.735 [restartedMain] [INFO] [c.e.demo.service.LoggingService] - Exiting methodsave
11:27 15:34:43.573 [restartedMain] [INFO] [com.example.demo.InventoryClient] - Starting InventoryClient on DESKTOP-CQORGQ5 with PID 17740 (E:\workspace\ShoppingAppInventory\target\classes started by caich in E:\workspace\ShoppingAppInventory)
11:27 15:34:43.574 [restartedMain] [INFO] [com.example.demo.InventoryClient] - No active profile set, falling back to default profiles: default
11:27 15:34:45.750 [restartedMain] [INFO] [com.example.demo.InventoryClient] - Started InventoryClient in 2.209 seconds (JVM running for 80.842)
11:27 15:34:45.753 [restartedMain] [INFO] [c.e.demo.service.LoggingService] - Inside methodsave
11:27 15:34:45.864 [restartedMain] [INFO] [c.e.demo.service.LoggingService] - Exiting methodsave
11:27 15:34:45.865 [restartedMain] [INFO] [c.e.demo.service.LoggingService] - Inside methodsave
11:27 15:34:45.980 [restartedMain] [INFO] [c.e.demo.service.LoggingService] - Exiting methodsave
11:27 15:35:08.056 [restartedMain] [INFO] [com.example.demo.InventoryClient] - Starting InventoryClient on DESKTOP-CQORGQ5 with PID 8052 (E:\workspace\ShoppingAppInventory\target\classes started by caich in E:\workspace\ShoppingAppInventory)
11:27 15:35:08.059 [restartedMain] [INFO] [com.example.demo.InventoryClient] - No active profile set, falling back to default profiles: default
11:27 15:35:16.478 [restartedMain] [INFO] [com.example.demo.InventoryClient] - Started InventoryClient in 8.72 seconds (JVM running for 9.334)
11:27 15:35:16.530 [restartedMain] [INFO] [c.e.demo.service.LoggingService] - Inside methodsave
11:27 15:35:16.757 [restartedMain] [INFO] [c.e.demo.service.LoggingService] - Exiting methodsave
11:27 15:35:16.758 [restartedMain] [INFO] [c.e.demo.service.LoggingService] - Inside methodsave
11:27 15:35:16.877 [restartedMain] [INFO] [c.e.demo.service.LoggingService] - Exiting methodsave
11:27 15:35:33.778 [http-nio-8080-exec-2] [INFO] [c.e.demo.service.LoggingService] - Inside methodgetInventoryByAvailability
11:27 15:35:33.911 [http-nio-8080-exec-2] [INFO] [c.e.demo.service.LoggingService] - Exiting methodgetInventoryByAvailability
11:27 15:38:39.802 [restartedMain] [INFO] [com.example.demo.InventoryClient] - Starting InventoryClient on DESKTOP-CQORGQ5 with PID 8052 (E:\workspace\ShoppingAppInventory\target\classes started by caich in E:\workspace\ShoppingAppInventory)
11:27 15:38:39.802 [restartedMain] [INFO] [com.example.demo.InventoryClient] - No active profile set, falling back to default profiles: default
11:27 15:38:42.475 [restartedMain] [INFO] [com.example.demo.InventoryClient] - Started InventoryClient in 2.744 seconds (JVM running for 215.33)
11:27 15:38:42.477 [restartedMain] [INFO] [c.e.demo.service.LoggingService] - Inside methodsave
11:27 15:38:42.583 [restartedMain] [INFO] [c.e.demo.service.LoggingService] - Exiting methodsave
11:27 15:38:42.583 [restartedMain] [INFO] [c.e.demo.service.LoggingService] - Inside methodsave
11:27 15:38:42.695 [restartedMain] [INFO] [c.e.demo.service.LoggingService] - Exiting methodsave
11:27 15:38:52.319 [restartedMain] [INFO] [com.example.demo.InventoryClient] - Starting InventoryClient on DESKTOP-CQORGQ5 with PID 7016 (E:\workspace\ShoppingAppInventory\target\classes started by caich in E:\workspace\ShoppingAppInventory)
11:27 15:38:52.323 [restartedMain] [INFO] [com.example.demo.InventoryClient] - No active profile set, falling back to default profiles: default
11:27 15:39:17.308 [restartedMain] [INFO] [com.example.demo.InventoryClient] - Starting InventoryClient on DESKTOP-CQORGQ5 with PID 13196 (E:\workspace\ShoppingAppInventory\target\classes started by caich in E:\workspace\ShoppingAppInventory)
11:27 15:39:17.310 [restartedMain] [INFO] [com.example.demo.InventoryClient] - No active profile set, falling back to default profiles: default
11:27 15:39:22.239 [restartedMain] [INFO] [com.example.demo.InventoryClient] - Started InventoryClient in 5.138 seconds (JVM running for 6.995)
11:27 15:39:22.248 [restartedMain] [INFO] [c.e.demo.service.LoggingService] - Inside methodsave
11:27 15:39:22.396 [restartedMain] [INFO] [c.e.demo.service.LoggingService] - Exiting methodsave
11:27 15:39:22.396 [restartedMain] [INFO] [c.e.demo.service.LoggingService] - Inside methodsave
11:27 15:39:22.545 [restartedMain] [INFO] [c.e.demo.service.LoggingService] - Exiting methodsave
11:27 15:39:30.870 [http-nio-8080-exec-1] [INFO] [c.e.demo.service.LoggingService] - Inside methodgetInventoryByAvailability
11:27 15:39:30.990 [http-nio-8080-exec-1] [INFO] [c.e.demo.service.LoggingService] - Exiting methodgetInventoryByAvailability
11:27 15:39:52.342 [http-nio-8080-exec-2] [INFO] [c.e.demo.service.LoggingService] - Inside methodgetInventoryByAvailability
11:27 15:39:52.428 [http-nio-8080-exec-2] [INFO] [c.e.demo.service.LoggingService] - Exiting methodgetInventoryByAvailability
11:27 15:43:31.223 [restartedMain] [INFO] [com.example.demo.InventoryClient] - Starting InventoryClient on DESKTOP-CQORGQ5 with PID 19112 (E:\workspace\ShoppingAppInventory\target\classes started by caich in E:\workspace\ShoppingAppInventory)
11:27 15:43:31.226 [restartedMain] [INFO] [com.example.demo.InventoryClient] - No active profile set, falling back to default profiles: default
11:27 15:43:39.636 [restartedMain] [INFO] [com.example.demo.InventoryClient] - Started InventoryClient in 8.734 seconds (JVM running for 9.384)
11:27 15:43:39.692 [restartedMain] [INFO] [c.e.demo.service.LoggingService] - Inside methodsave
11:27 15:43:39.956 [restartedMain] [INFO] [c.e.demo.service.LoggingService] - Exiting methodsave
11:27 15:43:39.957 [restartedMain] [INFO] [c.e.demo.service.LoggingService] - Inside methodsave
11:27 15:43:40.173 [restartedMain] [INFO] [c.e.demo.service.LoggingService] - Exiting methodsave
11:27 15:44:06.686 [http-nio-8080-exec-2] [INFO] [c.e.demo.service.LoggingService] - Inside methodfindAll
11:27 15:44:06.924 [http-nio-8080-exec-2] [INFO] [c.e.demo.service.LoggingService] - Exiting methodfindAll
11:27 15:44:09.589 [http-nio-8080-exec-3] [INFO] [c.e.demo.service.LoggingService] - Inside methodfindById
11:27 15:44:09.681 [http-nio-8080-exec-3] [INFO] [c.e.demo.service.LoggingService] - Exiting methodfindById
11:27 15:49:38.185 [restartedMain] [INFO] [com.example.demo.InventoryClient] - Starting InventoryClient on DESKTOP-CQORGQ5 with PID 19112 (E:\workspace\ShoppingAppInventory\target\classes started by caich in E:\workspace\ShoppingAppInventory)
11:27 15:49:38.186 [restartedMain] [INFO] [com.example.demo.InventoryClient] - No active profile set, falling back to default profiles: default
11:27 15:49:40.177 [restartedMain] [INFO] [com.example.demo.InventoryClient] - Started InventoryClient in 2.026 seconds (JVM running for 369.924)
11:27 15:49:40.180 [restartedMain] [INFO] [c.e.demo.service.LoggingService] - Inside methodsave
11:27 15:52:12.292 [restartedMain] [INFO] [com.example.demo.InventoryClient] - Starting InventoryClient on DESKTOP-CQORGQ5 with PID 19112 (E:\workspace\ShoppingAppInventory\target\classes started by caich in E:\workspace\ShoppingAppInventory)
11:27 15:52:12.293 [restartedMain] [INFO] [com.example.demo.InventoryClient] - No active profile set, falling back to default profiles: default
11:27 15:52:14.219 [restartedMain] [INFO] [com.example.demo.InventoryClient] - Started InventoryClient in 1.987 seconds (JVM running for 523.967)
11:27 15:52:14.221 [restartedMain] [INFO] [c.e.demo.service.LoggingService] - Inside methodsave
11:27 15:53:52.920 [restartedMain] [INFO] [com.example.demo.InventoryClient] - Starting InventoryClient on DESKTOP-CQORGQ5 with PID 19112 (E:\workspace\ShoppingAppInventory\target\classes started by caich in E:\workspace\ShoppingAppInventory)
11:27 15:53:52.920 [restartedMain] [INFO] [com.example.demo.InventoryClient] - No active profile set, falling back to default profiles: default
11:27 15:53:54.733 [restartedMain] [INFO] [com.example.demo.InventoryClient] - Started InventoryClient in 1.865 seconds (JVM running for 624.481)
11:27 15:53:54.735 [restartedMain] [INFO] [c.e.demo.service.LoggingService] - Inside methodsave
11:27 15:54:00.524 [restartedMain] [INFO] [com.example.demo.InventoryClient] - Starting InventoryClient on DESKTOP-CQORGQ5 with PID 19112 (E:\workspace\ShoppingAppInventory\target\classes started by caich in E:\workspace\ShoppingAppInventory)
11:27 15:54:00.525 [restartedMain] [INFO] [com.example.demo.InventoryClient] - No active profile set, falling back to default profiles: default
11:27 15:54:02.111 [restartedMain] [INFO] [com.example.demo.InventoryClient] - Started InventoryClient in 1.636 seconds (JVM running for 631.859)
11:27 15:54:02.113 [restartedMain] [INFO] [c.e.demo.service.LoggingService] - Inside methodsave
11:27 15:54:05.887 [restartedMain] [INFO] [com.example.demo.InventoryClient] - Starting InventoryClient on DESKTOP-CQORGQ5 with PID 19112 (E:\workspace\ShoppingAppInventory\target\classes started by caich in E:\workspace\ShoppingAppInventory)
11:27 15:54:05.887 [restartedMain] [INFO] [com.example.demo.InventoryClient] - No active profile set, falling back to default profiles: default
11:27 15:54:07.262 [restartedMain] [INFO] [com.example.demo.InventoryClient] - Started InventoryClient in 1.411 seconds (JVM running for 637.01)
11:27 15:54:07.263 [restartedMain] [INFO] [c.e.demo.service.LoggingService] - Inside methodsave
11:27 15:54:59.363 [restartedMain] [INFO] [com.example.demo.InventoryClient] - Starting InventoryClient on DESKTOP-CQORGQ5 with PID 19112 (E:\workspace\ShoppingAppInventory\target\classes started by caich in E:\workspace\ShoppingAppInventory)
11:27 15:54:59.363 [restartedMain] [INFO] [com.example.demo.InventoryClient] - No active profile set, falling back to default profiles: default
11:27 15:55:00.804 [restartedMain] [INFO] [com.example.demo.InventoryClient] - Started InventoryClient in 1.477 seconds (JVM running for 690.552)
11:27 15:55:00.806 [restartedMain] [INFO] [c.e.demo.service.LoggingService] - Inside methodsave
11:27 15:55:11.638 [restartedMain] [INFO] [com.example.demo.InventoryClient] - Starting InventoryClient on DESKTOP-CQORGQ5 with PID 19112 (E:\workspace\ShoppingAppInventory\target\classes started by caich in E:\workspace\ShoppingAppInventory)
11:27 15:55:11.639 [restartedMain] [INFO] [com.example.demo.InventoryClient] - No active profile set, falling back to default profiles: default
11:27 15:55:13.187 [restartedMain] [INFO] [com.example.demo.InventoryClient] - Started InventoryClient in 1.604 seconds (JVM running for 702.935)
11:27 15:55:13.188 [restartedMain] [INFO] [c.e.demo.service.LoggingService] - Inside methodsave
11:27 15:55:13.461 [restartedMain] [INFO] [c.e.demo.service.LoggingService] - Exiting methodsave
11:27 15:55:13.461 [restartedMain] [INFO] [c.e.demo.service.LoggingService] - Inside methodsave
11:27 15:55:13.630 [restartedMain] [INFO] [c.e.demo.service.LoggingService] - Exiting methodsave
11:27 15:56:11.831 [restartedMain] [INFO] [com.example.demo.InventoryClient] - Starting InventoryClient on DESKTOP-CQORGQ5 with PID 19112 (E:\workspace\ShoppingAppInventory\target\classes started by caich in E:\workspace\ShoppingAppInventory)
11:27 15:56:11.831 [restartedMain] [INFO] [com.example.demo.InventoryClient] - No active profile set, falling back to default profiles: default
11:27 15:56:13.259 [restartedMain] [INFO] [com.example.demo.InventoryClient] - Started InventoryClient in 1.449 seconds (JVM running for 763.006)
11:27 15:56:13.260 [restartedMain] [INFO] [c.e.demo.service.LoggingService] - Inside methodsave
11:27 15:56:13.431 [restartedMain] [INFO] [c.e.demo.service.LoggingService] - Exiting methodsave
11:27 15:56:13.431 [restartedMain] [INFO] [c.e.demo.service.LoggingService] - Inside methodsave
11:27 15:56:13.597 [restartedMain] [INFO] [c.e.demo.service.LoggingService] - Exiting methodsave
11:27 15:56:23.188 [restartedMain] [INFO] [com.example.demo.InventoryClient] - Starting InventoryClient on DESKTOP-CQORGQ5 with PID 19112 (E:\workspace\ShoppingAppInventory\target\classes started by caich in E:\workspace\ShoppingAppInventory)
11:27 15:56:23.188 [restartedMain] [INFO] [com.example.demo.InventoryClient] - No active profile set, falling back to default profiles: default
11:27 15:56:24.461 [restartedMain] [INFO] [com.example.demo.InventoryClient] - Started InventoryClient in 1.295 seconds (JVM running for 774.209)
11:27 15:56:24.462 [restartedMain] [INFO] [c.e.demo.service.LoggingService] - Inside methodsave
11:27 15:56:24.647 [restartedMain] [INFO] [c.e.demo.service.LoggingService] - Exiting methodsave
11:27 15:56:24.647 [restartedMain] [INFO] [c.e.demo.service.LoggingService] - Inside methodsave
11:27 15:56:24.818 [restartedMain] [INFO] [c.e.demo.service.LoggingService] - Exiting methodsave
11:27 15:56:59.557 [restartedMain] [INFO] [com.example.demo.InventoryClient] - Starting InventoryClient on DESKTOP-CQORGQ5 with PID 16904 (E:\workspace\ShoppingAppInventory\target\classes started by caich in E:\workspace\ShoppingAppInventory)
11:27 15:56:59.560 [restartedMain] [INFO] [com.example.demo.InventoryClient] - No active profile set, falling back to default profiles: default
11:27 15:57:07.810 [restartedMain] [INFO] [com.example.demo.InventoryClient] - Started InventoryClient in 8.567 seconds (JVM running for 9.249)
11:27 15:57:07.861 [restartedMain] [INFO] [c.e.demo.service.LoggingService] - Inside methodsave
11:27 15:57:08.146 [restartedMain] [INFO] [c.e.demo.service.LoggingService] - Exiting methodsave
11:27 15:57:08.146 [restartedMain] [INFO] [c.e.demo.service.LoggingService] - Inside methodsave
11:27 15:57:08.413 [restartedMain] [INFO] [c.e.demo.service.LoggingService] - Exiting methodsave
11:27 15:57:17.778 [http-nio-8080-exec-2] [INFO] [c.e.demo.service.LoggingService] - Inside methodfindById
11:27 15:57:17.967 [http-nio-8080-exec-2] [INFO] [c.e.demo.service.LoggingService] - Exiting methodfindById
11:27 15:57:35.576 [http-nio-8080-exec-3] [INFO] [c.e.demo.service.LoggingService] - Inside methodfindById
11:27 15:57:35.755 [http-nio-8080-exec-3] [INFO] [c.e.demo.service.LoggingService] - Exiting methodfindById
11:27 15:57:40.418 [http-nio-8080-exec-4] [INFO] [c.e.demo.service.LoggingService] - Inside methodfindById
11:27 15:57:40.593 [http-nio-8080-exec-4] [INFO] [c.e.demo.service.LoggingService] - Exiting methodfindById
11:27 15:57:43.342 [http-nio-8080-exec-5] [INFO] [c.e.demo.service.LoggingService] - Inside methodfindAll
11:27 15:57:43.657 [http-nio-8080-exec-5] [INFO] [c.e.demo.service.LoggingService] - Exiting methodfindAll
11:27 15:58:18.051 [restartedMain] [INFO] [com.example.demo.InventoryClient] - Starting InventoryClient on DESKTOP-CQORGQ5 with PID 16904 (E:\workspace\ShoppingAppInventory\target\classes started by caich in E:\workspace\ShoppingAppInventory)
11:27 15:58:18.052 [restartedMain] [INFO] [com.example.demo.InventoryClient] - No active profile set, falling back to default profiles: default
11:27 15:58:24.576 [restartedMain] [INFO] [com.example.demo.InventoryClient] - Starting InventoryClient on DESKTOP-CQORGQ5 with PID 128 (E:\workspace\ShoppingAppInventory\target\classes started by caich in E:\workspace\ShoppingAppInventory)
11:27 15:58:24.578 [restartedMain] [INFO] [com.example.demo.InventoryClient] - No active profile set, falling back to default profiles: default
11:27 15:58:33.139 [restartedMain] [INFO] [com.example.demo.InventoryClient] - Started InventoryClient in 8.873 seconds (JVM running for 9.534)
11:27 15:58:33.180 [restartedMain] [INFO] [c.e.demo.service.LoggingService] - Inside methodsave
11:27 15:58:33.443 [restartedMain] [INFO] [c.e.demo.service.LoggingService] - Exiting methodsave
11:27 15:58:33.444 [restartedMain] [INFO] [c.e.demo.service.LoggingService] - Inside methodsave
11:27 15:58:33.659 [restartedMain] [INFO] [c.e.demo.service.LoggingService] - Exiting methodsave
11:27 15:58:38.338 [http-nio-8080-exec-1] [INFO] [c.e.demo.service.LoggingService] - Inside methodfindAll
11:27 15:58:38.730 [http-nio-8080-exec-1] [INFO] [c.e.demo.service.LoggingService] - Exiting methodfindAll
11:27 15:58:44.321 [http-nio-8080-exec-2] [INFO] [c.e.demo.service.LoggingService] - Inside methodfindById
11:27 15:58:44.491 [http-nio-8080-exec-2] [INFO] [c.e.demo.service.LoggingService] - Exiting methodfindById
11:27 16:02:15.663 [restartedMain] [INFO] [com.example.demo.InventoryClient] - Starting InventoryClient on DESKTOP-CQORGQ5 with PID 128 (E:\workspace\ShoppingAppInventory\target\classes started by caich in E:\workspace\ShoppingAppInventory)
11:27 16:02:15.664 [restartedMain] [INFO] [com.example.demo.InventoryClient] - No active profile set, falling back to default profiles: default
11:27 16:02:17.721 [restartedMain] [INFO] [com.example.demo.InventoryClient] - Started InventoryClient in 2.1 seconds (JVM running for 234.116)
11:27 16:02:17.723 [restartedMain] [INFO] [c.e.demo.service.LoggingService] - Inside methodsave
11:27 16:02:17.932 [restartedMain] [INFO] [c.e.demo.service.LoggingService] - Exiting methodsave
11:27 16:02:17.932 [restartedMain] [INFO] [c.e.demo.service.LoggingService] - Inside methodsave
11:27 16:02:18.112 [restartedMain] [INFO] [c.e.demo.service.LoggingService] - Exiting methodsave
11:27 16:02:19.376 [restartedMain] [INFO] [com.example.demo.InventoryClient] - Starting InventoryClient on DESKTOP-CQORGQ5 with PID 4552 (E:\workspace\ShoppingAppInventory\target\classes started by caich in E:\workspace\ShoppingAppInventory)
11:27 16:02:19.379 [restartedMain] [INFO] [com.example.demo.InventoryClient] - No active profile set, falling back to default profiles: default
11:27 16:02:38.226 [restartedMain] [INFO] [com.example.demo.InventoryClient] - Starting InventoryClient on DESKTOP-CQORGQ5 with PID 17392 (E:\workspace\ShoppingAppInventory\target\classes started by caich in E:\workspace\ShoppingAppInventory)
11:27 16:02:38.228 [restartedMain] [INFO] [com.example.demo.InventoryClient] - No active profile set, falling back to default profiles: default
11:27 16:02:46.826 [restartedMain] [INFO] [com.example.demo.InventoryClient] - Started InventoryClient in 8.921 seconds (JVM running for 9.556)
11:27 16:02:46.869 [restartedMain] [INFO] [c.e.demo.service.LoggingService] - Inside methodsave
11:27 16:02:47.107 [restartedMain] [INFO] [c.e.demo.service.LoggingService] - Exiting methodsave
11:27 16:02:47.107 [restartedMain] [INFO] [c.e.demo.service.LoggingService] - Inside methodsave
11:27 16:02:47.310 [restartedMain] [INFO] [c.e.demo.service.LoggingService] - Exiting methodsave
11:27 16:02:58.947 [http-nio-8080-exec-2] [INFO] [c.e.demo.service.LoggingService] - Inside methodfindAll
11:27 16:02:59.270 [http-nio-8080-exec-2] [INFO] [c.e.demo.service.LoggingService] - Exiting methodfindAll
11:27 16:03:13.867 [restartedMain] [INFO] [com.example.demo.InventoryClient] - Starting InventoryClient on DESKTOP-CQORGQ5 with PID 17392 (E:\workspace\ShoppingAppInventory\target\classes started by caich in E:\workspace\ShoppingAppInventory)
11:27 16:03:13.868 [restartedMain] [INFO] [com.example.demo.InventoryClient] - No active profile set, falling back to default profiles: default
11:27 16:03:16.322 [restartedMain] [INFO] [com.example.demo.InventoryClient] - Started InventoryClient in 2.498 seconds (JVM running for 39.053)
11:27 16:03:16.326 [restartedMain] [INFO] [c.e.demo.service.LoggingService] - Inside methodsave
11:27 16:03:16.676 [restartedMain] [INFO] [c.e.demo.service.LoggingService] - Exiting methodsave
11:27 16:03:16.676 [restartedMain] [INFO] [c.e.demo.service.LoggingService] - Inside methodsave
11:27 16:03:17.037 [restartedMain] [INFO] [c.e.demo.service.LoggingService] - Exiting methodsave
11:27 16:03:17.113 [restartedMain] [INFO] [com.example.demo.InventoryClient] - Starting InventoryClient on DESKTOP-CQORGQ5 with PID 22372 (E:\workspace\ShoppingAppInventory\target\classes started by caich in E:\workspace\ShoppingAppInventory)
11:27 16:03:17.116 [restartedMain] [INFO] [com.example.demo.InventoryClient] - No active profile set, falling back to default profiles: default
11:27 16:03:38.052 [restartedMain] [INFO] [com.example.demo.InventoryClient] - Starting InventoryClient on DESKTOP-CQORGQ5 with PID 15916 (E:\workspace\ShoppingAppInventory\target\classes started by caich in E:\workspace\ShoppingAppInventory)
11:27 16:03:38.055 [restartedMain] [INFO] [com.example.demo.InventoryClient] - No active profile set, falling back to default profiles: default
11:27 16:03:44.253 [restartedMain] [INFO] [com.example.demo.InventoryClient] - Started InventoryClient in 6.475 seconds (JVM running for 8.964)
11:27 16:03:44.263 [restartedMain] [INFO] [c.e.demo.service.LoggingService] - Inside methodsave
11:27 16:03:44.739 [restartedMain] [INFO] [c.e.demo.service.LoggingService] - Exiting methodsave
11:27 16:03:44.739 [restartedMain] [INFO] [c.e.demo.service.LoggingService] - Inside methodsave
11:27 16:03:44.963 [restartedMain] [INFO] [c.e.demo.service.LoggingService] - Exiting methodsave
11:27 16:03:48.959 [http-nio-8080-exec-1] [INFO] [c.e.demo.service.LoggingService] - Inside methodfindAll
11:27 16:03:49.317 [http-nio-8080-exec-1] [INFO] [c.e.demo.service.LoggingService] - Exiting methodfindAll
11:27 16:03:55.554 [http-nio-8080-exec-2] [INFO] [c.e.demo.service.LoggingService] - Inside methodfindById
11:27 16:03:55.726 [http-nio-8080-exec-2] [INFO] [c.e.demo.service.LoggingService] - Exiting methodfindById
11:27 16:04:29.131 [restartedMain] [INFO] [com.example.demo.InventoryClient] - Starting InventoryClient on DESKTOP-CQORGQ5 with PID 12588 (E:\workspace\ShoppingAppInventory\target\classes started by caich in E:\workspace\ShoppingAppInventory)
11:27 16:04:29.133 [restartedMain] [INFO] [com.example.demo.InventoryClient] - No active profile set, falling back to default profiles: default
11:27 16:04:37.639 [restartedMain] [INFO] [com.example.demo.InventoryClient] - Started InventoryClient in 8.815 seconds (JVM running for 9.435)
11:27 16:04:37.695 [restartedMain] [INFO] [c.e.demo.service.LoggingService] - Inside methodsave
11:27 16:04:37.911 [restartedMain] [INFO] [c.e.demo.service.LoggingService] - Exiting methodsave
11:27 16:04:37.911 [restartedMain] [INFO] [c.e.demo.service.LoggingService] - Inside methodsave
11:27 16:04:38.072 [restartedMain] [INFO] [c.e.demo.service.LoggingService] - Exiting methodsave
11:27 16:04:42.293 [http-nio-8080-exec-1] [INFO] [c.e.demo.service.LoggingService] - Inside methodfindAll
11:27 16:04:42.537 [http-nio-8080-exec-1] [INFO] [c.e.demo.service.LoggingService] - Exiting methodfindAll
11:27 16:04:55.549 [restartedMain] [INFO] [com.example.demo.InventoryClient] - Starting InventoryClient on DESKTOP-CQORGQ5 with PID 12588 (E:\workspace\ShoppingAppInventory\target\classes started by caich in E:\workspace\ShoppingAppInventory)
11:27 16:04:55.549 [restartedMain] [INFO] [com.example.demo.InventoryClient] - No active profile set, falling back to default profiles: default
11:27 16:04:57.829 [restartedMain] [INFO] [com.example.demo.InventoryClient] - Started InventoryClient in 2.321 seconds (JVM running for 29.626)
11:27 16:04:57.832 [restartedMain] [INFO] [c.e.demo.service.LoggingService] - Inside methodsave
11:27 16:04:58.088 [restartedMain] [INFO] [c.e.demo.service.LoggingService] - Exiting methodsave
11:27 16:04:58.088 [restartedMain] [INFO] [c.e.demo.service.LoggingService] - Inside methodsave
11:27 16:04:58.337 [restartedMain] [INFO] [c.e.demo.service.LoggingService] - Exiting methodsave
11:27 16:05:00.371 [http-nio-8080-exec-1] [INFO] [c.e.demo.service.LoggingService] - Inside methodfindAll
11:27 16:05:00.617 [http-nio-8080-exec-1] [INFO] [c.e.demo.service.LoggingService] - Exiting methodfindAll
11:27 16:05:17.936 [http-nio-8080-exec-2] [INFO] [c.e.demo.service.LoggingService] - Inside methodfindAll
11:27 16:05:18.116 [http-nio-8080-exec-2] [INFO] [c.e.demo.service.LoggingService] - Exiting methodfindAll
11:27 16:05:21.397 [http-nio-8080-exec-3] [INFO] [c.e.demo.service.LoggingService] - Inside methodfindById
11:27 16:05:21.564 [http-nio-8080-exec-3] [INFO] [c.e.demo.service.LoggingService] - Exiting methodfindById
11:27 16:06:14.625 [restartedMain] [INFO] [com.example.demo.InventoryClient] - Starting InventoryClient on DESKTOP-CQORGQ5 with PID 12588 (E:\workspace\ShoppingAppInventory\target\classes started by caich in E:\workspace\ShoppingAppInventory)
11:27 16:06:14.625 [restartedMain] [INFO] [com.example.demo.InventoryClient] - No active profile set, falling back to default profiles: default
11:27 16:06:16.862 [restartedMain] [INFO] [com.example.demo.InventoryClient] - Started InventoryClient in 2.267 seconds (JVM running for 108.659)
11:27 16:06:16.864 [restartedMain] [INFO] [c.e.demo.service.LoggingService] - Inside methodsave
11:27 16:06:17.061 [restartedMain] [INFO] [c.e.demo.service.LoggingService] - Exiting methodsave
11:27 16:06:17.061 [restartedMain] [INFO] [c.e.demo.service.LoggingService] - Inside methodsave
11:27 16:06:17.254 [restartedMain] [INFO] [c.e.demo.service.LoggingService] - Exiting methodsave
11:27 16:07:59.326 [restartedMain] [INFO] [com.example.demo.InventoryClient] - Starting InventoryClient on DESKTOP-CQORGQ5 with PID 12588 (E:\workspace\ShoppingAppInventory\target\classes started by caich in E:\workspace\ShoppingAppInventory)
11:27 16:07:59.326 [restartedMain] [INFO] [com.example.demo.InventoryClient] - No active profile set, falling back to default profiles: default
11:27 16:08:01.186 [restartedMain] [INFO] [com.example.demo.InventoryClient] - Started InventoryClient in 1.885 seconds (JVM running for 212.982)
11:27 16:08:01.188 [restartedMain] [INFO] [c.e.demo.service.LoggingService] - Inside methodsave
11:27 16:08:01.397 [restartedMain] [INFO] [c.e.demo.service.LoggingService] - Exiting methodsave
11:27 16:08:01.398 [restartedMain] [INFO] [c.e.demo.service.LoggingService] - Inside methodsave
11:27 16:08:01.571 [restartedMain] [INFO] [c.e.demo.service.LoggingService] - Exiting methodsave
11:27 16:08:22.265 [restartedMain] [INFO] [com.example.demo.InventoryClient] - Starting InventoryClient on DESKTOP-CQORGQ5 with PID 12588 (E:\workspace\ShoppingAppInventory\target\classes started by caich in E:\workspace\ShoppingAppInventory)
11:27 16:08:22.265 [restartedMain] [INFO] [com.example.demo.InventoryClient] - No active profile set, falling back to default profiles: default
11:27 16:08:23.823 [restartedMain] [INFO] [com.example.demo.InventoryClient] - Started InventoryClient in 1.581 seconds (JVM running for 235.62)
11:27 16:08:23.825 [restartedMain] [INFO] [c.e.demo.service.LoggingService] - Inside methodsave
11:27 16:08:24.115 [restartedMain] [INFO] [c.e.demo.service.LoggingService] - Exiting methodsave
11:27 16:08:24.116 [restartedMain] [INFO] [c.e.demo.service.LoggingService] - Inside methodsave
11:27 16:08:24.287 [restartedMain] [INFO] [c.e.demo.service.LoggingService] - Exiting methodsave
11:27 16:08:58.719 [http-nio-8080-exec-1] [INFO] [c.e.demo.service.LoggingService] - Inside methodfindById
11:27 16:08:58.890 [http-nio-8080-exec-1] [INFO] [c.e.demo.service.LoggingService] - Exiting methodfindById
11:27 16:09:02.039 [http-nio-8080-exec-2] [INFO] [c.e.demo.service.LoggingService] - Inside methodfindAll
11:27 16:09:02.218 [http-nio-8080-exec-2] [INFO] [c.e.demo.service.LoggingService] - Exiting methodfindAll
11:27 16:09:11.015 [restartedMain] [INFO] [com.example.demo.InventoryClient] - Starting InventoryClient on DESKTOP-CQORGQ5 with PID 12588 (E:\workspace\ShoppingAppInventory\target\classes started by caich in E:\workspace\ShoppingAppInventory)
11:27 16:09:11.015 [restartedMain] [INFO] [com.example.demo.InventoryClient] - No active profile set, falling back to default profiles: default
11:27 16:09:12.513 [restartedMain] [INFO] [com.example.demo.InventoryClient] - Started InventoryClient in 1.519 seconds (JVM running for 284.309)
11:27 16:09:12.514 [restartedMain] [INFO] [c.e.demo.service.LoggingService] - Inside methodsave
11:27 16:09:12.681 [restartedMain] [INFO] [c.e.demo.service.LoggingService] - Exiting methodsave
11:27 16:09:12.681 [restartedMain] [INFO] [c.e.demo.service.LoggingService] - Inside methodsave
11:27 16:09:12.850 [restartedMain] [INFO] [c.e.demo.service.LoggingService] - Exiting methodsave
11:27 16:09:13.782 [http-nio-8080-exec-2] [INFO] [c.e.demo.service.LoggingService] - Inside methodfindAll
11:27 16:09:14.108 [http-nio-8080-exec-2] [INFO] [c.e.demo.service.LoggingService] - Exiting methodfindAll
11:27 16:09:25.470 [http-nio-8080-exec-1] [INFO] [c.e.demo.service.LoggingService] - Inside methodfindAll
11:27 16:09:25.651 [http-nio-8080-exec-1] [INFO] [c.e.demo.service.LoggingService] - Exiting methodfindAll
11:27 16:09:35.267 [http-nio-8080-exec-4] [INFO] [c.e.demo.service.LoggingService] - Inside methodfindById
11:27 16:09:35.442 [http-nio-8080-exec-4] [INFO] [c.e.demo.service.LoggingService] - Exiting methodfindById
11:27 16:09:51.758 [restartedMain] [INFO] [com.example.demo.InventoryClient] - Starting InventoryClient on DESKTOP-CQORGQ5 with PID 12588 (E:\workspace\ShoppingAppInventory\target\classes started by caich in E:\workspace\ShoppingAppInventory)
11:27 16:09:51.759 [restartedMain] [INFO] [com.example.demo.InventoryClient] - No active profile set, falling back to default profiles: default
11:27 16:09:53.044 [restartedMain] [INFO] [com.example.demo.InventoryClient] - Started InventoryClient in 1.311 seconds (JVM running for 324.841)
11:27 16:09:53.046 [restartedMain] [INFO] [c.e.demo.service.LoggingService] - Inside methodsave
11:27 16:09:53.138 [restartedMain] [INFO] [c.e.demo.service.LoggingService] - Exiting methodsave
11:27 16:09:53.139 [restartedMain] [INFO] [c.e.demo.service.LoggingService] - Inside methodsave
11:27 16:09:53.185 [http-nio-8080-exec-2] [INFO] [c.e.demo.service.LoggingService] - Inside methodfindById
11:27 16:09:53.245 [restartedMain] [INFO] [c.e.demo.service.LoggingService] - Exiting methodsave
11:27 16:09:53.288 [http-nio-8080-exec-2] [INFO] [c.e.demo.service.LoggingService] - Exiting methodfindById
11:27 16:10:00.889 [http-nio-8080-exec-3] [INFO] [c.e.demo.service.LoggingService] - Inside methodfindById
11:27 16:10:00.979 [http-nio-8080-exec-3] [INFO] [c.e.demo.service.LoggingService] - Exiting methodfindById
11:27 16:11:26.552 [restartedMain] [INFO] [com.example.demo.InventoryClient] - Starting InventoryClient on DESKTOP-CQORGQ5 with PID 12588 (E:\workspace\ShoppingAppInventory\target\classes started by caich in E:\workspace\ShoppingAppInventory)
11:27 16:11:26.552 [restartedMain] [INFO] [com.example.demo.InventoryClient] - No active profile set, falling back to default profiles: default
11:27 16:11:28.008 [restartedMain] [INFO] [com.example.demo.InventoryClient] - Started InventoryClient in 1.477 seconds (JVM running for 419.804)
11:27 16:11:28.009 [restartedMain] [INFO] [c.e.demo.service.LoggingService] - Inside methodsave
11:27 16:11:28.108 [restartedMain] [INFO] [c.e.demo.service.LoggingService] - Exiting methodsave
11:27 16:11:28.108 [restartedMain] [INFO] [c.e.demo.service.LoggingService] - Inside methodsave
11:27 16:11:28.197 [restartedMain] [INFO] [c.e.demo.service.LoggingService] - Exiting methodsave
11:27 16:11:40.173 [restartedMain] [INFO] [com.example.demo.InventoryClient] - Starting InventoryClient on DESKTOP-CQORGQ5 with PID 12588 (E:\workspace\ShoppingAppInventory\target\classes started by caich in E:\workspace\ShoppingAppInventory)
11:27 16:11:40.174 [restartedMain] [INFO] [com.example.demo.InventoryClient] - No active profile set, falling back to default profiles: default
11:27 16:11:41.482 [restartedMain] [INFO] [com.example.demo.InventoryClient] - Started InventoryClient in 1.329 seconds (JVM running for 433.279)
11:27 16:11:41.484 [restartedMain] [INFO] [c.e.demo.service.LoggingService] - Inside methodsave
11:27 16:11:41.695 [restartedMain] [INFO] [c.e.demo.service.LoggingService] - Exiting methodsave
11:27 16:11:41.695 [restartedMain] [INFO] [c.e.demo.service.LoggingService] - Inside methodsave
11:27 16:11:41.785 [restartedMain] [INFO] [c.e.demo.service.LoggingService] - Exiting methodsave
11:27 16:11:46.348 [restartedMain] [INFO] [com.example.demo.InventoryClient] - Starting InventoryClient on DESKTOP-CQORGQ5 with PID 12588 (E:\workspace\ShoppingAppInventory\target\classes started by caich in E:\workspace\ShoppingAppInventory)
11:27 16:11:46.348 [restartedMain] [INFO] [com.example.demo.InventoryClient] - No active profile set, falling back to default profiles: default
11:27 16:11:49.878 [restartedMain] [INFO] [com.example.demo.InventoryClient] - Starting InventoryClient on DESKTOP-CQORGQ5 with PID 12588 (E:\workspace\ShoppingAppInventory\target\classes started by caich in E:\workspace\ShoppingAppInventory)
11:27 16:11:49.878 [restartedMain] [INFO] [com.example.demo.InventoryClient] - No active profile set, falling back to default profiles: default
11:27 16:11:51.291 [restartedMain] [INFO] [com.example.demo.InventoryClient] - Started InventoryClient in 1.444 seconds (JVM running for 443.088)
11:27 16:11:51.292 [restartedMain] [INFO] [c.e.demo.service.LoggingService] - Inside methodsave
11:27 16:11:51.383 [restartedMain] [INFO] [c.e.demo.service.LoggingService] - Exiting methodsave
11:27 16:11:51.383 [restartedMain] [INFO] [c.e.demo.service.LoggingService] - Inside methodsave
11:27 16:11:51.475 [restartedMain] [INFO] [c.e.demo.service.LoggingService] - Exiting methodsave
11:27 16:11:59.359 [restartedMain] [INFO] [com.example.demo.InventoryClient] - Starting InventoryClient on DESKTOP-CQORGQ5 with PID 12588 (E:\workspace\ShoppingAppInventory\target\classes started by caich in E:\workspace\ShoppingAppInventory)
11:27 16:11:59.359 [restartedMain] [INFO] [com.example.demo.InventoryClient] - No active profile set, falling back to default profiles: default
11:27 16:12:00.813 [restartedMain] [INFO] [com.example.demo.InventoryClient] - Started InventoryClient in 1.474 seconds (JVM running for 452.61)
11:27 16:12:00.815 [restartedMain] [INFO] [c.e.demo.service.LoggingService] - Inside methodsave
11:27 16:12:00.985 [restartedMain] [INFO] [c.e.demo.service.LoggingService] - Exiting methodsave
11:27 16:12:00.985 [restartedMain] [INFO] [c.e.demo.service.LoggingService] - Inside methodsave
11:27 16:12:01.163 [restartedMain] [INFO] [c.e.demo.service.LoggingService] - Exiting methodsave
11:27 16:12:05.880 [http-nio-8080-exec-1] [INFO] [c.e.demo.service.LoggingService] - Inside methodfindById
11:27 16:12:06.047 [http-nio-8080-exec-1] [INFO] [c.e.demo.service.LoggingService] - Exiting methodfindById
11:27 16:13:10.206 [restartedMain] [INFO] [com.example.demo.InventoryClient] - Starting InventoryClient on DESKTOP-CQORGQ5 with PID 12588 (E:\workspace\ShoppingAppInventory\target\classes started by caich in E:\workspace\ShoppingAppInventory)
11:27 16:13:10.206 [restartedMain] [INFO] [com.example.demo.InventoryClient] - No active profile set, falling back to default profiles: default
11:27 16:13:11.453 [restartedMain] [INFO] [com.example.demo.InventoryClient] - Started InventoryClient in 1.269 seconds (JVM running for 523.25)
11:27 16:13:11.454 [restartedMain] [INFO] [c.e.demo.service.LoggingService] - Inside methodsave
11:27 16:13:11.621 [restartedMain] [INFO] [c.e.demo.service.LoggingService] - Exiting methodsave
11:27 16:13:11.621 [restartedMain] [INFO] [c.e.demo.service.LoggingService] - Inside methodsave
11:27 16:13:11.812 [restartedMain] [INFO] [c.e.demo.service.LoggingService] - Exiting methodsave
11:27 16:13:27.570 [restartedMain] [INFO] [com.example.demo.InventoryClient] - Starting InventoryClient on DESKTOP-CQORGQ5 with PID 12588 (E:\workspace\ShoppingAppInventory\target\classes started by caich in E:\workspace\ShoppingAppInventory)
11:27 16:13:27.570 [restartedMain] [INFO] [com.example.demo.InventoryClient] - No active profile set, falling back to default profiles: default
11:27 16:13:28.986 [restartedMain] [INFO] [com.example.demo.InventoryClient] - Started InventoryClient in 1.439 seconds (JVM running for 540.783)
11:27 16:13:28.988 [restartedMain] [INFO] [c.e.demo.service.LoggingService] - Inside methodsave
11:27 16:13:29.158 [restartedMain] [INFO] [c.e.demo.service.LoggingService] - Exiting methodsave
11:27 16:13:29.158 [restartedMain] [INFO] [c.e.demo.service.LoggingService] - Inside methodsave
11:27 16:13:29.323 [restartedMain] [INFO] [c.e.demo.service.LoggingService] - Exiting methodsave
11:27 16:13:38.408 [http-nio-8080-exec-1] [INFO] [c.e.demo.service.LoggingService] - Inside methodfindAll
11:27 16:13:38.574 [http-nio-8080-exec-1] [INFO] [c.e.demo.service.LoggingService] - Exiting methodfindAll
11:27 16:13:43.023 [http-nio-8080-exec-2] [INFO] [c.e.demo.service.LoggingService] - Inside methodfindById
11:27 16:13:43.195 [http-nio-8080-exec-2] [INFO] [c.e.demo.service.LoggingService] - Exiting methodfindById
11:27 16:14:14.322 [restartedMain] [INFO] [com.example.demo.InventoryClient] - Starting InventoryClient on DESKTOP-CQORGQ5 with PID 12588 (E:\workspace\ShoppingAppInventory\target\classes started by caich in E:\workspace\ShoppingAppInventory)
11:27 16:14:14.322 [restartedMain] [INFO] [com.example.demo.InventoryClient] - No active profile set, falling back to default profiles: default
11:27 16:14:26.394 [restartedMain] [INFO] [com.example.demo.InventoryClient] - Starting InventoryClient on DESKTOP-CQORGQ5 with PID 12588 (E:\workspace\ShoppingAppInventory\target\classes started by caich in E:\workspace\ShoppingAppInventory)
11:27 16:14:26.394 [restartedMain] [INFO] [com.example.demo.InventoryClient] - No active profile set, falling back to default profiles: default
11:27 16:14:35.095 [restartedMain] [INFO] [com.example.demo.InventoryClient] - Starting InventoryClient on DESKTOP-CQORGQ5 with PID 12588 (E:\workspace\ShoppingAppInventory\target\classes started by caich in E:\workspace\ShoppingAppInventory)
11:27 16:14:35.095 [restartedMain] [INFO] [com.example.demo.InventoryClient] - No active profile set, falling back to default profiles: default
11:27 16:14:36.595 [restartedMain] [INFO] [com.example.demo.InventoryClient] - Started InventoryClient in 1.552 seconds (JVM running for 608.392)
11:27 16:14:36.596 [restartedMain] [INFO] [c.e.demo.service.LoggingService] - Inside methodsave
11:27 16:14:36.769 [restartedMain] [INFO] [c.e.demo.service.LoggingService] - Exiting methodsave
11:27 16:14:36.769 [restartedMain] [INFO] [c.e.demo.service.LoggingService] - Inside methodsave
11:27 16:14:36.978 [restartedMain] [INFO] [c.e.demo.service.LoggingService] - Exiting methodsave
11:27 16:16:07.535 [restartedMain] [INFO] [com.example.demo.InventoryClient] - Starting InventoryClient on DESKTOP-CQORGQ5 with PID 12588 (E:\workspace\ShoppingAppInventory\target\classes started by caich in E:\workspace\ShoppingAppInventory)
11:27 16:16:07.535 [restartedMain] [INFO] [com.example.demo.InventoryClient] - No active profile set, falling back to default profiles: default
11:27 16:16:08.918 [restartedMain] [INFO] [com.example.demo.InventoryClient] - Started InventoryClient in 1.403 seconds (JVM running for 700.715)
11:27 16:16:08.919 [restartedMain] [INFO] [c.e.demo.service.LoggingService] - Inside methodsave
11:27 16:16:09.117 [restartedMain] [INFO] [c.e.demo.service.LoggingService] - Exiting methodsave
11:27 16:16:09.117 [restartedMain] [INFO] [c.e.demo.service.LoggingService] - Inside methodsave
11:27 16:16:09.215 [restartedMain] [INFO] [c.e.demo.service.LoggingService] - Exiting methodsave
11:27 16:16:12.825 [restartedMain] [INFO] [com.example.demo.InventoryClient] - Starting InventoryClient on DESKTOP-CQORGQ5 with PID 3068 (E:\workspace\ShoppingAppInventory\target\classes started by caich in E:\workspace\ShoppingAppInventory)
11:27 16:16:12.828 [restartedMain] [INFO] [com.example.demo.InventoryClient] - No active profile set, falling back to default profiles: default
11:27 16:16:32.908 [restartedMain] [INFO] [com.example.demo.InventoryClient] - Starting InventoryClient on DESKTOP-CQORGQ5 with PID 6792 (E:\workspace\ShoppingAppInventory\target\classes started by caich in E:\workspace\ShoppingAppInventory)
11:27 16:16:32.911 [restartedMain] [INFO] [com.example.demo.InventoryClient] - No active profile set, falling back to default profiles: default
11:27 16:16:39.136 [restartedMain] [INFO] [com.example.demo.InventoryClient] - Started InventoryClient in 6.522 seconds (JVM running for 9.054)
11:27 16:16:39.150 [restartedMain] [INFO] [c.e.demo.service.LoggingService] - Inside methodsave
11:27 16:16:39.535 [restartedMain] [INFO] [c.e.demo.service.LoggingService] - Exiting methodsave
11:27 16:16:39.535 [restartedMain] [INFO] [c.e.demo.service.LoggingService] - Inside methodsave
11:27 16:16:39.645 [restartedMain] [INFO] [c.e.demo.service.LoggingService] - Exiting methodsave
11:27 16:16:44.195 [http-nio-8080-exec-1] [INFO] [c.e.demo.service.LoggingService] - Inside methodfindById
11:27 16:16:44.292 [http-nio-8080-exec-1] [INFO] [c.e.demo.service.LoggingService] - Exiting methodfindById
11:27 16:17:13.131 [restartedMain] [INFO] [com.example.demo.InventoryClient] - Starting InventoryClient on DESKTOP-CQORGQ5 with PID 6792 (E:\workspace\ShoppingAppInventory\target\classes started by caich in E:\workspace\ShoppingAppInventory)
11:27 16:17:13.132 [restartedMain] [INFO] [com.example.demo.InventoryClient] - No active profile set, falling back to default profiles: default
11:27 16:17:15.089 [restartedMain] [INFO] [com.example.demo.InventoryClient] - Started InventoryClient in 1.983 seconds (JVM running for 45.008)
11:27 16:17:15.090 [restartedMain] [INFO] [c.e.demo.service.LoggingService] - Inside methodsave
11:27 16:17:15.180 [restartedMain] [INFO] [c.e.demo.service.LoggingService] - Exiting methodsave
11:27 16:17:15.180 [restartedMain] [INFO] [c.e.demo.service.LoggingService] - Inside methodsave
11:27 16:17:15.327 [restartedMain] [INFO] [c.e.demo.service.LoggingService] - Exiting methodsave
11:27 16:17:18.048 [restartedMain] [INFO] [com.example.demo.InventoryClient] - Starting InventoryClient on DESKTOP-CQORGQ5 with PID 6792 (E:\workspace\ShoppingAppInventory\target\classes started by caich in E:\workspace\ShoppingAppInventory)
11:27 16:17:18.048 [restartedMain] [INFO] [com.example.demo.InventoryClient] - No active profile set, falling back to default profiles: default
11:27 16:17:19.729 [restartedMain] [INFO] [com.example.demo.InventoryClient] - Started InventoryClient in 1.705 seconds (JVM running for 49.647)
11:27 16:17:19.730 [restartedMain] [INFO] [c.e.demo.service.LoggingService] - Inside methodsave
11:27 16:17:19.825 [restartedMain] [INFO] [c.e.demo.service.LoggingService] - Exiting methodsave
11:27 16:17:19.825 [restartedMain] [INFO] [c.e.demo.service.LoggingService] - Inside methodsave
11:27 16:17:19.924 [restartedMain] [INFO] [c.e.demo.service.LoggingService] - Exiting methodsave
11:27 16:17:49.782 [restartedMain] [INFO] [com.example.demo.InventoryClient] - Starting InventoryClient on DESKTOP-CQORGQ5 with PID 6792 (E:\workspace\ShoppingAppInventory\target\classes started by caich in E:\workspace\ShoppingAppInventory)
11:27 16:17:49.782 [restartedMain] [INFO] [com.example.demo.InventoryClient] - No active profile set, falling back to default profiles: default
11:27 16:17:52.584 [restartedMain] [INFO] [com.example.demo.InventoryClient] - Started InventoryClient in 2.827 seconds (JVM running for 82.503)
11:27 16:17:52.586 [restartedMain] [INFO] [c.e.demo.service.LoggingService] - Inside methodsave
11:27 16:17:52.675 [restartedMain] [INFO] [c.e.demo.service.LoggingService] - Exiting methodsave
11:27 16:17:52.675 [restartedMain] [INFO] [c.e.demo.service.LoggingService] - Inside methodsave
11:27 16:17:52.843 [restartedMain] [INFO] [c.e.demo.service.LoggingService] - Exiting methodsave
11:27 16:17:59.237 [http-nio-8080-exec-1] [INFO] [c.e.demo.service.LoggingService] - Inside methodfindById
11:27 16:17:59.323 [http-nio-8080-exec-1] [INFO] [c.e.demo.service.LoggingService] - Exiting methodfindById
11:27 16:35:52.984 [restartedMain] [INFO] [com.example.demo.InventoryClient] - Starting InventoryClient on DESKTOP-CQORGQ5 with PID 20572 (E:\workspace\ShoppingAppInventory\target\classes started by caich in E:\workspace\ShoppingAppInventory)
11:27 16:35:52.986 [restartedMain] [INFO] [com.example.demo.InventoryClient] - No active profile set, falling back to default profiles: default
11:27 16:35:58.139 [restartedMain] [INFO] [com.example.demo.InventoryClient] - Started InventoryClient in 5.414 seconds (JVM running for 7.371)
11:27 16:35:58.146 [restartedMain] [INFO] [c.e.demo.service.LoggingService] - Inside methodsave
11:27 16:35:58.459 [restartedMain] [INFO] [c.e.demo.service.LoggingService] - Exiting methodsave
11:27 16:35:58.459 [restartedMain] [INFO] [c.e.demo.service.LoggingService] - Inside methodsave
11:27 16:35:58.545 [restartedMain] [INFO] [c.e.demo.service.LoggingService] - Exiting methodsave
11:27 16:36:07.433 [http-nio-8080-exec-1] [INFO] [c.e.demo.service.LoggingService] - Inside methodfindAll
11:27 16:36:07.618 [http-nio-8080-exec-1] [INFO] [c.e.demo.service.LoggingService] - Exiting methodfindAll
11:27 16:36:12.382 [http-nio-8080-exec-2] [INFO] [c.e.demo.service.LoggingService] - Inside methodfindById
11:27 16:36:12.597 [http-nio-8080-exec-2] [INFO] [c.e.demo.service.LoggingService] - Exiting methodfindById
11:27 16:37:48.668 [restartedMain] [INFO] [com.example.demo.InventoryClient] - Starting InventoryClient on DESKTOP-CQORGQ5 with PID 20572 (E:\workspace\ShoppingAppInventory\target\classes started by caich in E:\workspace\ShoppingAppInventory)
11:27 16:37:48.668 [restartedMain] [INFO] [com.example.demo.InventoryClient] - No active profile set, falling back to default profiles: default
11:27 16:37:51.381 [restartedMain] [INFO] [com.example.demo.InventoryClient] - Starting InventoryClient on DESKTOP-CQORGQ5 with PID 20572 (E:\workspace\ShoppingAppInventory\target\classes started by caich in E:\workspace\ShoppingAppInventory)
11:27 16:37:51.381 [restartedMain] [INFO] [com.example.demo.InventoryClient] - No active profile set, falling back to default profiles: default
11:27 16:38:01.135 [restartedMain] [INFO] [com.example.demo.InventoryClient] - Starting InventoryClient on DESKTOP-CQORGQ5 with PID 20572 (E:\workspace\ShoppingAppInventory\target\classes started by caich in E:\workspace\ShoppingAppInventory)
11:27 16:38:01.135 [restartedMain] [INFO] [com.example.demo.InventoryClient] - No active profile set, falling back to default profiles: default
11:27 16:38:02.849 [restartedMain] [INFO] [com.example.demo.InventoryClient] - Started InventoryClient in 1.747 seconds (JVM running for 132.08)
11:27 16:38:02.852 [restartedMain] [INFO] [c.e.demo.service.LoggingService] - Inside methodsave
11:27 16:38:02.941 [restartedMain] [INFO] [c.e.demo.service.LoggingService] - Exiting methodsave
11:27 16:38:02.941 [restartedMain] [INFO] [c.e.demo.service.LoggingService] - Inside methodsave
11:27 16:38:03.046 [restartedMain] [INFO] [c.e.demo.service.LoggingService] - Exiting methodsave
11:27 16:40:58.199 [restartedMain] [INFO] [com.example.demo.InventoryClient] - Starting InventoryClient on DESKTOP-CQORGQ5 with PID 20572 (E:\workspace\ShoppingAppInventory\target\classes started by caich in E:\workspace\ShoppingAppInventory)
11:27 16:40:58.199 [restartedMain] [INFO] [com.example.demo.InventoryClient] - No active profile set, falling back to default profiles: default
11:27 16:40:59.853 [restartedMain] [INFO] [com.example.demo.InventoryClient] - Started InventoryClient in 1.677 seconds (JVM running for 309.084)
11:27 16:40:59.855 [restartedMain] [INFO] [c.e.demo.service.LoggingService] - Inside methodsave
11:27 16:40:59.951 [restartedMain] [INFO] [c.e.demo.service.LoggingService] - Exiting methodsave
11:27 16:40:59.951 [restartedMain] [INFO] [c.e.demo.service.LoggingService] - Inside methodsave
11:27 16:41:00.054 [restartedMain] [INFO] [c.e.demo.service.LoggingService] - Exiting methodsave
11:27 16:41:19.012 [restartedMain] [INFO] [com.example.demo.InventoryClient] - Starting InventoryClient on DESKTOP-CQORGQ5 with PID 20572 (E:\workspace\ShoppingAppInventory\target\classes started by caich in E:\workspace\ShoppingAppInventory)
11:27 16:41:19.012 [restartedMain] [INFO] [com.example.demo.InventoryClient] - No active profile set, falling back to default profiles: default
11:27 16:41:20.629 [restartedMain] [INFO] [com.example.demo.InventoryClient] - Started InventoryClient in 1.639 seconds (JVM running for 329.86)
11:27 16:41:20.630 [restartedMain] [INFO] [c.e.demo.service.LoggingService] - Inside methodsave
11:27 16:41:20.720 [restartedMain] [INFO] [c.e.demo.service.LoggingService] - Exiting methodsave
11:27 16:41:20.721 [restartedMain] [INFO] [c.e.demo.service.LoggingService] - Inside methodsave
11:27 16:41:20.819 [restartedMain] [INFO] [c.e.demo.service.LoggingService] - Exiting methodsave
11:27 16:41:40.788 [restartedMain] [INFO] [com.example.demo.InventoryClient] - Starting InventoryClient on DESKTOP-CQORGQ5 with PID 20572 (E:\workspace\ShoppingAppInventory\target\classes started by caich in E:\workspace\ShoppingAppInventory)
11:27 16:41:40.788 [restartedMain] [INFO] [com.example.demo.InventoryClient] - No active profile set, falling back to default profiles: default
11:27 16:41:42.562 [restartedMain] [INFO] [com.example.demo.InventoryClient] - Started InventoryClient in 1.822 seconds (JVM running for 351.793)
11:27 16:41:42.565 [restartedMain] [INFO] [c.e.demo.service.LoggingService] - Inside methodsave
11:27 16:41:42.658 [restartedMain] [INFO] [c.e.demo.service.LoggingService] - Exiting methodsave
11:27 16:41:42.658 [restartedMain] [INFO] [c.e.demo.service.LoggingService] - Inside methodsave
11:27 16:41:42.901 [restartedMain] [INFO] [c.e.demo.service.LoggingService] - Exiting methodsave
11:27 16:42:11.852 [restartedMain] [INFO] [com.example.demo.InventoryClient] - Starting InventoryClient on DESKTOP-CQORGQ5 with PID 20572 (E:\workspace\ShoppingAppInventory\target\classes started by caich in E:\workspace\ShoppingAppInventory)
11:27 16:42:11.852 [restartedMain] [INFO] [com.example.demo.InventoryClient] - No active profile set, falling back to default profiles: default
11:27 16:42:13.539 [restartedMain] [INFO] [com.example.demo.InventoryClient] - Started InventoryClient in 1.707 seconds (JVM running for 382.77)
11:27 16:42:13.540 [restartedMain] [INFO] [c.e.demo.service.LoggingService] - Inside methodsave
11:27 16:42:13.658 [restartedMain] [INFO] [c.e.demo.service.LoggingService] - Exiting methodsave
11:27 16:42:13.658 [restartedMain] [INFO] [c.e.demo.service.LoggingService] - Inside methodsave
11:27 16:42:13.830 [restartedMain] [INFO] [c.e.demo.service.LoggingService] - Exiting methodsave
11:27 16:42:39.692 [restartedMain] [INFO] [com.example.demo.InventoryClient] - Starting InventoryClient on DESKTOP-CQORGQ5 with PID 20572 (E:\workspace\ShoppingAppInventory\target\classes started by caich in E:\workspace\ShoppingAppInventory)
11:27 16:42:39.693 [restartedMain] [INFO] [com.example.demo.InventoryClient] - No active profile set, falling back to default profiles: default
11:27 16:42:41.291 [restartedMain] [INFO] [com.example.demo.InventoryClient] - Started InventoryClient in 1.62 seconds (JVM running for 410.523)
11:27 16:42:41.293 [restartedMain] [INFO] [c.e.demo.service.LoggingService] - Inside methodsave
11:27 16:42:41.394 [restartedMain] [INFO] [c.e.demo.service.LoggingService] - Exiting methodsave
11:27 16:42:41.394 [restartedMain] [INFO] [c.e.demo.service.LoggingService] - Inside methodsave
11:27 16:42:41.483 [restartedMain] [INFO] [c.e.demo.service.LoggingService] - Exiting methodsave
11:27 16:43:15.435 [restartedMain] [INFO] [com.example.demo.InventoryClient] - Starting InventoryClient on DESKTOP-CQORGQ5 with PID 20572 (E:\workspace\ShoppingAppInventory\target\classes started by caich in E:\workspace\ShoppingAppInventory)
11:27 16:43:15.435 [restartedMain] [INFO] [com.example.demo.InventoryClient] - No active profile set, falling back to default profiles: default
11:27 16:43:17.117 [restartedMain] [INFO] [com.example.demo.InventoryClient] - Started InventoryClient in 1.703 seconds (JVM running for 446.348)
11:27 16:43:17.118 [restartedMain] [INFO] [c.e.demo.service.LoggingService] - Inside methodsave
11:27 16:43:17.208 [restartedMain] [INFO] [c.e.demo.service.LoggingService] - Exiting methodsave
11:27 16:43:17.209 [restartedMain] [INFO] [c.e.demo.service.LoggingService] - Inside methodsave
11:27 16:43:17.299 [restartedMain] [INFO] [c.e.demo.service.LoggingService] - Exiting methodsave
11:27 16:43:26.159 [restartedMain] [INFO] [com.example.demo.InventoryClient] - Starting InventoryClient on DESKTOP-CQORGQ5 with PID 20572 (E:\workspace\ShoppingAppInventory\target\classes started by caich in E:\workspace\ShoppingAppInventory)
11:27 16:43:26.159 [restartedMain] [INFO] [com.example.demo.InventoryClient] - No active profile set, falling back to default profiles: default
11:27 16:43:27.663 [restartedMain] [INFO] [com.example.demo.InventoryClient] - Started InventoryClient in 1.525 seconds (JVM running for 456.894)
11:27 16:43:27.664 [restartedMain] [INFO] [c.e.demo.service.LoggingService] - Inside methodsave
11:27 16:43:27.756 [restartedMain] [INFO] [c.e.demo.service.LoggingService] - Exiting methodsave
11:27 16:43:27.756 [restartedMain] [INFO] [c.e.demo.service.LoggingService] - Inside methodsave
11:27 16:43:27.866 [restartedMain] [INFO] [c.e.demo.service.LoggingService] - Exiting methodsave
11:27 16:43:36.700 [restartedMain] [INFO] [com.example.demo.InventoryClient] - Starting InventoryClient on DESKTOP-CQORGQ5 with PID 20572 (E:\workspace\ShoppingAppInventory\target\classes started by caich in E:\workspace\ShoppingAppInventory)
11:27 16:43:36.700 [restartedMain] [INFO] [com.example.demo.InventoryClient] - No active profile set, falling back to default profiles: default
11:27 16:43:38.368 [restartedMain] [INFO] [com.example.demo.InventoryClient] - Started InventoryClient in 1.688 seconds (JVM running for 467.598)
11:27 16:43:38.369 [restartedMain] [INFO] [c.e.demo.service.LoggingService] - Inside methodsave
11:27 16:43:38.458 [restartedMain] [INFO] [c.e.demo.service.LoggingService] - Exiting methodsave
11:27 16:43:38.458 [restartedMain] [INFO] [c.e.demo.service.LoggingService] - Inside methodsave
11:27 16:43:38.546 [restartedMain] [INFO] [c.e.demo.service.LoggingService] - Exiting methodsave
11:27 16:43:56.501 [restartedMain] [INFO] [com.example.demo.InventoryClient] - Starting InventoryClient on DESKTOP-CQORGQ5 with PID 20572 (E:\workspace\ShoppingAppInventory\target\classes started by caich in E:\workspace\ShoppingAppInventory)
11:27 16:43:56.502 [restartedMain] [INFO] [com.example.demo.InventoryClient] - No active profile set, falling back to default profiles: default
11:27 16:43:58.455 [restartedMain] [INFO] [com.example.demo.InventoryClient] - Started InventoryClient in 1.993 seconds (JVM running for 487.686)
11:27 16:43:58.457 [restartedMain] [INFO] [c.e.demo.service.LoggingService] - Inside methodsave
11:27 16:43:58.556 [restartedMain] [INFO] [c.e.demo.service.LoggingService] - Exiting methodsave
11:27 16:43:58.556 [restartedMain] [INFO] [c.e.demo.service.LoggingService] - Inside methodsave
11:27 16:43:58.649 [restartedMain] [INFO] [c.e.demo.service.LoggingService] - Exiting methodsave
11:27 16:44:10.041 [http-nio-8080-exec-1] [INFO] [c.e.demo.service.LoggingService] - Inside methodfindById
11:27 16:44:10.132 [http-nio-8080-exec-1] [INFO] [c.e.demo.service.LoggingService] - Exiting methodfindById
11:27 16:44:13.986 [http-nio-8080-exec-2] [INFO] [c.e.demo.service.LoggingService] - Inside methodfindById
11:27 16:44:14.194 [http-nio-8080-exec-2] [INFO] [c.e.demo.service.LoggingService] - Exiting methodfindById
11:27 19:53:52.043 [restartedMain] [INFO] [com.example.demo.InventoryClient] - Starting InventoryClient on DESKTOP-CQORGQ5 with PID 20572 (E:\workspace\ShoppingAppInventory\target\classes started by caich in E:\workspace\ShoppingAppInventory)
11:27 19:53:52.044 [restartedMain] [INFO] [com.example.demo.InventoryClient] - No active profile set, falling back to default profiles: default
11:27 19:53:59.248 [restartedMain] [INFO] [com.example.demo.InventoryClient] - Started InventoryClient in 7.388 seconds (JVM running for 11888.49)
11:27 19:53:59.251 [restartedMain] [INFO] [c.e.demo.service.LoggingService] - Inside methodsave
11:27 19:53:59.514 [restartedMain] [INFO] [c.e.demo.service.LoggingService] - Exiting methodsave
11:27 19:53:59.514 [restartedMain] [INFO] [c.e.demo.service.LoggingService] - Inside methodsave
11:27 19:53:59.764 [restartedMain] [INFO] [c.e.demo.service.LoggingService] - Exiting methodsave
11:27 19:54:01.871 [http-nio-8080-exec-1] [INFO] [c.e.demo.service.LoggingService] - Inside methodfindById
11:27 19:54:02.131 [http-nio-8080-exec-1] [INFO] [c.e.demo.service.LoggingService] - Exiting methodfindById
11:27 19:54:05.889 [http-nio-8080-exec-2] [INFO] [c.e.demo.service.LoggingService] - Inside methodfindById
11:27 19:54:06.123 [http-nio-8080-exec-2] [INFO] [c.e.demo.service.LoggingService] - Exiting methodfindById
11:27 19:54:25.417 [http-nio-8080-exec-3] [INFO] [c.e.demo.service.LoggingService] - Inside methodfindById
11:27 19:54:25.562 [http-nio-8080-exec-3] [INFO] [c.e.demo.service.LoggingService] - Exiting methodfindById
11:27 20:09:12.652 [restartedMain] [INFO] [com.example.demo.InventoryClient] - Starting InventoryClient on DESKTOP-CQORGQ5 with PID 20572 (E:\workspace\ShoppingAppInventory\target\classes started by caich in E:\workspace\ShoppingAppInventory)
11:27 20:09:12.652 [restartedMain] [INFO] [com.example.demo.InventoryClient] - No active profile set, falling back to default profiles: default
11:27 20:09:14.719 [restartedMain] [INFO] [com.example.demo.InventoryClient] - Started InventoryClient in 2.091 seconds (JVM running for 12803.961)
11:27 20:09:14.720 [restartedMain] [INFO] [c.e.demo.service.LoggingService] - Inside methodsave
11:27 20:09:14.862 [restartedMain] [INFO] [c.e.demo.service.LoggingService] - Exiting methodsave
11:27 20:09:14.862 [restartedMain] [INFO] [c.e.demo.service.LoggingService] - Inside methodsave
11:27 20:09:14.948 [restartedMain] [INFO] [c.e.demo.service.LoggingService] - Exiting methodsave
11:27 20:09:24.066 [restartedMain] [INFO] [com.example.demo.InventoryClient] - Starting InventoryClient on DESKTOP-CQORGQ5 with PID 20572 (E:\workspace\ShoppingAppInventory\target\classes started by caich in E:\workspace\ShoppingAppInventory)
11:27 20:09:24.066 [restartedMain] [INFO] [com.example.demo.InventoryClient] - No active profile set, falling back to default profiles: default
11:27 20:09:26.022 [restartedMain] [INFO] [com.example.demo.InventoryClient] - Started InventoryClient in 1.984 seconds (JVM running for 12815.264)
11:27 20:09:26.023 [restartedMain] [INFO] [c.e.demo.service.LoggingService] - Inside methodsave
11:27 20:09:26.206 [restartedMain] [INFO] [c.e.demo.service.LoggingService] - Exiting methodsave
11:27 20:09:26.206 [restartedMain] [INFO] [c.e.demo.service.LoggingService] - Inside methodsave
11:27 20:09:26.363 [restartedMain] [INFO] [c.e.demo.service.LoggingService] - Exiting methodsave
11:27 20:09:55.714 [restartedMain] [INFO] [com.example.demo.InventoryClient] - Starting InventoryClient on DESKTOP-CQORGQ5 with PID 20572 (E:\workspace\ShoppingAppInventory\target\classes started by caich in E:\workspace\ShoppingAppInventory)
11:27 20:09:55.714 [restartedMain] [INFO] [com.example.demo.InventoryClient] - No active profile set, falling back to default profiles: default
11:27 20:09:58.562 [restartedMain] [INFO] [com.example.demo.InventoryClient] - Started InventoryClient in 2.869 seconds (JVM running for 12847.805)
11:27 20:09:58.563 [restartedMain] [INFO] [c.e.demo.service.LoggingService] - Inside methodsave
11:27 20:09:58.696 [restartedMain] [INFO] [c.e.demo.service.LoggingService] - Exiting methodsave
11:27 20:09:58.696 [restartedMain] [INFO] [c.e.demo.service.LoggingService] - Inside methodsave
11:27 20:09:58.835 [restartedMain] [INFO] [c.e.demo.service.LoggingService] - Exiting methodsave
11:27 20:11:27.795 [restartedMain] [INFO] [com.example.demo.InventoryClient] - Starting InventoryClient on DESKTOP-CQORGQ5 with PID 20572 (E:\workspace\ShoppingAppInventory\target\classes started by caich in E:\workspace\ShoppingAppInventory)
11:27 20:11:27.796 [restartedMain] [INFO] [com.example.demo.InventoryClient] - No active profile set, falling back to default profiles: default
11:27 20:11:30.057 [restartedMain] [INFO] [com.example.demo.InventoryClient] - Started InventoryClient in 2.282 seconds (JVM running for 12939.299)
11:27 20:11:30.059 [restartedMain] [INFO] [c.e.demo.service.LoggingService] - Inside methodsave
11:27 20:11:30.175 [restartedMain] [INFO] [c.e.demo.service.LoggingService] - Exiting methodsave
11:27 20:11:30.175 [restartedMain] [INFO] [c.e.demo.service.LoggingService] - Inside methodsave
11:27 20:11:30.281 [restartedMain] [INFO] [c.e.demo.service.LoggingService] - Exiting methodsave
11:27 20:13:10.164 [restartedMain] [INFO] [com.example.demo.InventoryClient] - Starting InventoryClient on DESKTOP-CQORGQ5 with PID 20572 (E:\workspace\ShoppingAppInventory\target\classes started by caich in E:\workspace\ShoppingAppInventory)
11:27 20:13:10.164 [restartedMain] [INFO] [com.example.demo.InventoryClient] - No active profile set, falling back to default profiles: default
11:27 20:13:12.150 [restartedMain] [INFO] [com.example.demo.InventoryClient] - Started InventoryClient in 2.009 seconds (JVM running for 13041.393)
11:27 20:13:12.152 [restartedMain] [INFO] [c.e.demo.service.LoggingService] - Inside methodsave
11:27 20:13:12.460 [restartedMain] [INFO] [c.e.demo.service.LoggingService] - Exiting methodsave
11:27 20:13:12.460 [restartedMain] [INFO] [c.e.demo.service.LoggingService] - Inside methodsave
11:27 20:13:12.546 [restartedMain] [INFO] [c.e.demo.service.LoggingService] - Exiting methodsave
11:27 20:13:17.160 [restartedMain] [INFO] [com.example.demo.InventoryClient] - Starting InventoryClient on DESKTOP-CQORGQ5 with PID 20572 (E:\workspace\ShoppingAppInventory\target\classes started by caich in E:\workspace\ShoppingAppInventory)
11:27 20:13:17.160 [restartedMain] [INFO] [com.example.demo.InventoryClient] - No active profile set, falling back to default profiles: default
11:27 20:13:19.120 [restartedMain] [INFO] [com.example.demo.InventoryClient] - Started InventoryClient in 1.979 seconds (JVM running for 13048.362)
11:27 20:13:19.126 [restartedMain] [INFO] [c.e.demo.service.LoggingService] - Inside methodsave
11:27 20:13:19.395 [restartedMain] [INFO] [c.e.demo.service.LoggingService] - Exiting methodsave
11:27 20:13:19.395 [restartedMain] [INFO] [c.e.demo.service.LoggingService] - Inside methodsave
11:27 20:13:19.578 [restartedMain] [INFO] [c.e.demo.service.LoggingService] - Exiting methodsave
11:27 20:13:49.481 [restartedMain] [INFO] [com.example.demo.InventoryClient] - Starting InventoryClient on DESKTOP-CQORGQ5 with PID 20572 (E:\workspace\ShoppingAppInventory\target\classes started by caich in E:\workspace\ShoppingAppInventory)
11:27 20:13:49.481 [restartedMain] [INFO] [com.example.demo.InventoryClient] - No active profile set, falling back to default profiles: default
11:27 20:13:51.398 [restartedMain] [INFO] [com.example.demo.InventoryClient] - Started InventoryClient in 1.937 seconds (JVM running for 13080.641)
11:27 20:13:51.400 [restartedMain] [INFO] [c.e.demo.service.LoggingService] - Inside methodsave
11:27 20:13:51.496 [restartedMain] [INFO] [c.e.demo.service.LoggingService] - Exiting methodsave
11:27 20:13:51.496 [restartedMain] [INFO] [c.e.demo.service.LoggingService] - Inside methodsave
11:27 20:13:51.671 [restartedMain] [INFO] [c.e.demo.service.LoggingService] - Exiting methodsave
11:27 20:15:24.360 [restartedMain] [INFO] [com.example.demo.InventoryClient] - Starting InventoryClient on DESKTOP-CQORGQ5 with PID 20572 (E:\workspace\ShoppingAppInventory\target\classes started by caich in E:\workspace\ShoppingAppInventory)
11:27 20:15:24.360 [restartedMain] [INFO] [com.example.demo.InventoryClient] - No active profile set, falling back to default profiles: default
11:27 20:15:27.203 [restartedMain] [INFO] [com.example.demo.InventoryClient] - Started InventoryClient in 2.863 seconds (JVM running for 13176.445)
11:27 20:15:27.205 [restartedMain] [INFO] [c.e.demo.service.LoggingService] - Inside methodsave
11:27 20:15:27.302 [restartedMain] [INFO] [c.e.demo.service.LoggingService] - Exiting methodsave
11:27 20:15:27.302 [restartedMain] [INFO] [c.e.demo.service.LoggingService] - Inside methodsave
11:27 20:15:27.405 [restartedMain] [INFO] [c.e.demo.service.LoggingService] - Exiting methodsave
11:27 20:16:28.322 [restartedMain] [INFO] [com.example.demo.InventoryClient] - Starting InventoryClient on DESKTOP-CQORGQ5 with PID 20572 (E:\workspace\ShoppingAppInventory\target\classes started by caich in E:\workspace\ShoppingAppInventory)
11:27 20:16:28.322 [restartedMain] [INFO] [com.example.demo.InventoryClient] - No active profile set, falling back to default profiles: default
11:27 20:16:32.040 [restartedMain] [INFO] [com.example.demo.InventoryClient] - Started InventoryClient in 3.781 seconds (JVM running for 13241.282)
11:27 20:16:32.043 [restartedMain] [INFO] [c.e.demo.service.LoggingService] - Inside methodsave
11:27 20:16:32.319 [restartedMain] [INFO] [c.e.demo.service.LoggingService] - Exiting methodsave
11:27 20:16:32.320 [restartedMain] [INFO] [c.e.demo.service.LoggingService] - Inside methodsave
11:27 20:16:32.572 [restartedMain] [INFO] [c.e.demo.service.LoggingService] - Exiting methodsave
11:27 20:17:07.493 [http-nio-8080-exec-4] [INFO] [c.e.demo.service.LoggingService] - Inside methodfindAll
11:27 20:17:07.760 [http-nio-8080-exec-4] [INFO] [c.e.demo.service.LoggingService] - Exiting methodfindAll
11:27 20:17:16.509 [http-nio-8080-exec-8] [INFO] [c.e.demo.service.LoggingService] - Inside methodfindById
11:27 20:17:16.611 [http-nio-8080-exec-8] [INFO] [c.e.demo.service.LoggingService] - Exiting methodfindById
11:27 20:17:19.772 [http-nio-8080-exec-9] [INFO] [c.e.demo.service.LoggingService] - Inside methodfindById
11:27 20:17:19.883 [http-nio-8080-exec-9] [INFO] [c.e.demo.service.LoggingService] - Exiting methodfindById
11:27 20:18:05.326 [restartedMain] [INFO] [com.example.demo.InventoryClient] - Starting InventoryClient on DESKTOP-CQORGQ5 with PID 20572 (E:\workspace\ShoppingAppInventory\target\classes started by caich in E:\workspace\ShoppingAppInventory)
11:27 20:18:05.326 [restartedMain] [INFO] [com.example.demo.InventoryClient] - No active profile set, falling back to default profiles: default
11:27 20:18:06.943 [restartedMain] [INFO] [com.example.demo.InventoryClient] - Started InventoryClient in 1.64 seconds (JVM running for 13336.186)
11:27 20:18:06.945 [restartedMain] [INFO] [c.e.demo.service.LoggingService] - Inside methodsave
11:27 20:18:07.033 [restartedMain] [INFO] [c.e.demo.service.LoggingService] - Exiting methodsave
11:27 20:18:07.034 [restartedMain] [INFO] [c.e.demo.service.LoggingService] - Inside methodsave
11:27 20:18:07.303 [restartedMain] [INFO] [c.e.demo.service.LoggingService] - Exiting methodsave
11:27 20:18:28.281 [restartedMain] [INFO] [com.example.demo.InventoryClient] - Starting InventoryClient on DESKTOP-CQORGQ5 with PID 20572 (E:\workspace\ShoppingAppInventory\target\classes started by caich in E:\workspace\ShoppingAppInventory)
11:27 20:18:28.281 [restartedMain] [INFO] [com.example.demo.InventoryClient] - No active profile set, falling back to default profiles: default
11:27 20:18:30.859 [restartedMain] [INFO] [com.example.demo.InventoryClient] - Started InventoryClient in 2.599 seconds (JVM running for 13360.102)
11:27 20:18:30.861 [restartedMain] [INFO] [c.e.demo.service.LoggingService] - Inside methodsave
11:27 20:18:30.951 [restartedMain] [INFO] [c.e.demo.service.LoggingService] - Exiting methodsave
11:27 20:18:30.951 [restartedMain] [INFO] [c.e.demo.service.LoggingService] - Inside methodsave
11:27 20:18:31.114 [restartedMain] [INFO] [c.e.demo.service.LoggingService] - Exiting methodsave
11:27 20:18:41.160 [http-nio-8080-exec-1] [INFO] [c.e.demo.service.LoggingService] - Inside methodfindById
11:27 20:18:41.276 [http-nio-8080-exec-1] [INFO] [c.e.demo.service.LoggingService] - Exiting methodfindById
11:27 20:18:44.364 [http-nio-8080-exec-2] [INFO] [c.e.demo.service.LoggingService] - Inside methodfindById
11:27 20:18:44.476 [http-nio-8080-exec-2] [INFO] [c.e.demo.service.LoggingService] - Exiting methodfindById
11:27 20:19:10.535 [restartedMain] [INFO] [com.example.demo.InventoryClient] - Starting InventoryClient on DESKTOP-CQORGQ5 with PID 20572 (E:\workspace\ShoppingAppInventory\target\classes started by caich in E:\workspace\ShoppingAppInventory)
11:27 20:19:10.536 [restartedMain] [INFO] [com.example.demo.InventoryClient] - No active profile set, falling back to default profiles: default
11:27 20:19:12.563 [restartedMain] [INFO] [com.example.demo.InventoryClient] - Started InventoryClient in 2.048 seconds (JVM running for 13401.806)
11:27 20:19:12.565 [restartedMain] [INFO] [c.e.demo.service.LoggingService] - Inside methodsave
11:27 20:19:12.613 [http-nio-8080-exec-1] [INFO] [c.e.demo.service.LoggingService] - Inside methodfindById
11:27 20:19:12.690 [restartedMain] [INFO] [c.e.demo.service.LoggingService] - Exiting methodsave
11:27 20:19:12.690 [restartedMain] [INFO] [c.e.demo.service.LoggingService] - Inside methodsave
11:27 20:19:12.724 [http-nio-8080-exec-1] [INFO] [c.e.demo.service.LoggingService] - Exiting methodfindById
11:27 20:19:12.810 [restartedMain] [INFO] [c.e.demo.service.LoggingService] - Exiting methodsave
